<?xml version="1.0" encoding="UTF-8"?>
<!-- Generated by org.testng.reporters.JUnitXMLReporter -->
<testsuite hostname="LAPTOP-LMMPH4VI" ignored="0" name="用户管理系统测试" tests="7" failures="1" timestamp="13 六月 2021 01:44:01 GMT" time="1.136" errors="0">
  <testcase name="loginFalse" time="0.614" classname="com.course.cases.LoginTest"/>
  <testcase name="loginTrue" time="0.02" classname="com.course.cases.LoginTest"/>
  <testcase name="addUser" time="0.09" classname="com.course.cases.AddUserTest">
    <failure type="org.apache.ibatis.exceptions.TooManyResultsException" message="Expected one result (or null) to be returned by selectOne(), but found: 3">
      <![CDATA[org.apache.ibatis.exceptions.TooManyResultsException: Expected one result (or null) to be returned by selectOne(), but found: 3
	at org.apache.ibatis.session.defaults.DefaultSqlSession.selectOne(DefaultSqlSession.java:81)
	at com.course.cases.AddUserTest.addUser(AddUserTest.java:55)
	at com.sun.proxy.$Proxy0.invoke(Unknown Source)
... Removed 33 stack frames]]>
    </failure>
  </testcase> <!-- addUser -->
  <testcase name="getUserInfo" time="0.065" classname="com.course.cases.GetUserInfoTest"/>
  <testcase name="getUserList" time="0.094" classname="com.course.cases.GetUserListTest"/>
  <testcase name="updateUserInfo" time="0.031" classname="com.course.cases.UpdateUserInfoTest"/>
  <testcase name="deleteUserInfo" time="0.032" classname="com.course.cases.UpdateUserInfoTest"/>
</testsuite> <!-- 用户管理系统测试 -->
