<?xml version="1.0" encoding="UTF-8" ?>
<testsuite tests="7" failures="2" name="TestSuite" time="6.129" errors="0" skipped="5">
  <properties>
[...]
</properties>
  <testcase classname="com.course.cases.LoginTest" name="loginFalse" time="2.559">
    <failure type="java.lang.NullPointerException">java.lang.NullPointerException
	at com.course.cases.LoginTest.getResult(LoginTest.java:96)
	at com.course.cases.LoginTest.loginFalse(LoginTest.java:119)
</failure>
    <system-out>@HL
@HL-------------------------------------------------------
@HL T E S T S
@HL-------------------------------------------------------
@SLRunning TestSuite
[TestNGContentHandler] [WARN] It is strongly recommended to add &quot;&lt;!DOCTYPE suite SYSTEM &quot;http://testng.org/testng-1.0.dtd&quot; &gt;&quot; at the top of your file, otherwise TestNG may fail or not work as expected.
12:53:06.143 [main] DEBUG org.apache.ibatis.logging.LogFactory - Logging initialized using &apos;class org.apache.ibatis.logging.slf4j.Slf4jImpl&apos; adapter.
12:53:06.233 [main] DEBUG org.apache.ibatis.datasource.pooled.PooledDataSource - PooledDataSource forcefully closed/removed all connections.
12:53:06.233 [main] DEBUG org.apache.ibatis.datasource.pooled.PooledDataSource - PooledDataSource forcefully closed/removed all connections.
12:53:06.233 [main] DEBUG org.apache.ibatis.datasource.pooled.PooledDataSource - PooledDataSource forcefully closed/removed all connections.
12:53:06.233 [main] DEBUG org.apache.ibatis.datasource.pooled.PooledDataSource - PooledDataSource forcefully closed/removed all connections.
12:53:06.334 [main] DEBUG org.apache.ibatis.transaction.jdbc.JdbcTransaction - Opening JDBC Connection
12:53:06.539 [main] DEBUG org.apache.ibatis.datasource.pooled.PooledDataSource - Created connection 658909832.
12:53:06.539 [main] DEBUG org.apache.ibatis.transaction.jdbc.JdbcTransaction - Setting autocommit to false on JDBC Connection [com.mysql.cj.jdbc.ConnectionImpl@27462a88]
12:53:06.542 [main] DEBUG com.course.model.loginCase - ==&gt;  Preparing: select * from login_case where id=? 
12:53:06.570 [main] DEBUG com.course.model.loginCase - ==&gt; Parameters: 2(Integer)
12:53:06.597 [main] DEBUG com.course.model.loginCase - &lt;==      Total: 1
12:53:06.601 [main] DEBUG org.apache.ibatis.transaction.jdbc.JdbcTransaction - Resetting autocommit to true on JDBC Connection [com.mysql.cj.jdbc.ConnectionImpl@27462a88]
12:53:06.601 [main] DEBUG org.apache.ibatis.transaction.jdbc.JdbcTransaction - Closing JDBC Connection [com.mysql.cj.jdbc.ConnectionImpl@27462a88]
12:53:06.601 [main] DEBUG org.apache.ibatis.datasource.pooled.PooledDataSource - Returned connection 658909832 to pool.
LoginCase(id=2, userName=lucyerror, password=123, expected=false)
http://192.168.159.1:8081/v1/login
12:53:06.601 [main] INFO com.course.cases.LoginTest - ********开始验证loginFalse api*********
12:53:06.628 [main] DEBUG org.apache.http.client.protocol.RequestAddCookies - CookieSpec selected: default
12:53:06.636 [main] DEBUG org.apache.http.client.protocol.RequestAuthCache - Auth cache not set in the context
12:53:06.640 [main] DEBUG org.apache.http.impl.conn.PoolingHttpClientConnectionManager - Connection request: [route: {}-&gt;http://192.168.159.1:8081][total kept alive: 0; route allocated: 0 of 2; total allocated: 0 of 20]
12:53:06.652 [main] DEBUG org.apache.http.impl.conn.PoolingHttpClientConnectionManager - Connection leased: [id: 0][route: {}-&gt;http://192.168.159.1:8081][total kept alive: 0; route allocated: 1 of 2; total allocated: 1 of 20]
12:53:06.652 [main] DEBUG org.apache.http.impl.execchain.MainClientExec - Opening connection {}-&gt;http://192.168.159.1:8081
12:53:06.656 [main] DEBUG org.apache.http.impl.conn.DefaultHttpClientConnectionOperator - Connecting to /192.168.159.1:8081
12:53:08.663 [main] DEBUG org.apache.http.impl.conn.DefaultManagedHttpClientConnection - http-outgoing-0: Shutdown connection
12:53:08.663 [main] DEBUG org.apache.http.impl.execchain.MainClientExec - Connection discarded
12:53:08.663 [main] DEBUG org.apache.http.impl.conn.PoolingHttpClientConnectionManager - Connection released: [id: 0][route: {}-&gt;http://192.168.159.1:8081][total kept alive: 0; route allocated: 0 of 2; total allocated: 0 of 20]
</system-out>
    <system-err>org.apache.http.conn.HttpHostConnectException: Connect to 192.168.159.1:8081 [/192.168.159.1] failed: Connection refused: connect
	at org.apache.http.impl.conn.DefaultHttpClientConnectionOperator.connect(DefaultHttpClientConnectionOperator.java:158)
	at org.apache.http.impl.conn.PoolingHttpClientConnectionManager.connect(PoolingHttpClientConnectionManager.java:353)
	at org.apache.http.impl.execchain.MainClientExec.establishRoute(MainClientExec.java:380)
	at org.apache.http.impl.execchain.MainClientExec.execute(MainClientExec.java:236)
	at org.apache.http.impl.execchain.ProtocolExec.execute(ProtocolExec.java:184)
	at org.apache.http.impl.execchain.RetryExec.execute(RetryExec.java:88)
	at org.apache.http.impl.execchain.RedirectExec.execute(RedirectExec.java:110)
	at org.apache.http.impl.client.InternalHttpClient.doExecute(InternalHttpClient.java:184)
	at org.apache.http.impl.client.CloseableHttpClient.execute(CloseableHttpClient.java:82)
	at org.apache.http.impl.client.CloseableHttpClient.execute(CloseableHttpClient.java:107)
	at com.course.cases.LoginTest.getResult(LoginTest.java:85)
	at com.course.cases.LoginTest.loginFalse(LoginTest.java:119)
	at sun.reflect.NativeMethodAccessorImpl.invoke0(Native Method)
	at sun.reflect.NativeMethodAccessorImpl.invoke(NativeMethodAccessorImpl.java:62)
	at sun.reflect.DelegatingMethodAccessorImpl.invoke(DelegatingMethodAccessorImpl.java:43)
	at java.lang.reflect.Method.invoke(Method.java:497)
	at org.testng.internal.MethodInvocationHelper.invokeMethod(MethodInvocationHelper.java:104)
	at org.testng.internal.Invoker.invokeMethod(Invoker.java:645)
	at org.testng.internal.Invoker.invokeTestMethod(Invoker.java:851)
	at org.testng.internal.Invoker.invokeTestMethods(Invoker.java:1177)
	at org.testng.internal.TestMethodWorker.invokeTestMethods(TestMethodWorker.java:129)
	at org.testng.internal.TestMethodWorker.run(TestMethodWorker.java:112)
	at org.testng.TestRunner.privateRun(TestRunner.java:756)
	at org.testng.TestRunner.run(TestRunner.java:610)
	at org.testng.SuiteRunner.runTest(SuiteRunner.java:387)
	at org.testng.SuiteRunner.runSequentially(SuiteRunner.java:382)
	at org.testng.SuiteRunner.privateRun(SuiteRunner.java:340)
	at org.testng.SuiteRunner.run(SuiteRunner.java:289)
	at org.testng.SuiteRunnerWorker.runSuite(SuiteRunnerWorker.java:52)
	at org.testng.SuiteRunnerWorker.run(SuiteRunnerWorker.java:86)
	at org.testng.TestNG.runSuitesSequentially(TestNG.java:1293)
	at org.testng.TestNG.runSuitesLocally(TestNG.java:1218)
	at org.testng.TestNG.runSuites(TestNG.java:1133)
	at org.testng.TestNG.run(TestNG.java:1104)
	at org.apache.maven.surefire.testng.TestNGExecutor.run(TestNGExecutor.java:74)
	at org.apache.maven.surefire.testng.TestNGXmlTestSuite.execute(TestNGXmlTestSuite.java:93)
	at org.apache.maven.surefire.testng.TestNGProvider.invoke(TestNGProvider.java:101)
	at sun.reflect.NativeMethodAccessorImpl.invoke0(Native Method)
	at sun.reflect.NativeMethodAccessorImpl.invoke(NativeMethodAccessorImpl.java:62)
	at sun.reflect.DelegatingMethodAccessorImpl.invoke(DelegatingMethodAccessorImpl.java:43)
	at java.lang.reflect.Method.invoke(Method.java:497)
	at org.apache.maven.surefire.booter.ProviderFactory$ClassLoaderProxy.invoke(ProviderFactory.java:103)
	at com.sun.proxy.$Proxy0.invoke(Unknown Source)
	at org.apache.maven.surefire.booter.SurefireStarter.invokeProvider(SurefireStarter.java:145)
	at org.apache.maven.surefire.booter.SurefireStarter.runSuitesInProcess(SurefireStarter.java:87)
	at org.apache.maven.surefire.booter.ForkedBooter.main(ForkedBooter.java:69)
Caused by: java.net.ConnectException: Connection refused: connect
	at java.net.DualStackPlainSocketImpl.connect0(Native Method)
	at java.net.DualStackPlainSocketImpl.socketConnect(DualStackPlainSocketImpl.java:79)
	at java.net.AbstractPlainSocketImpl.doConnect(AbstractPlainSocketImpl.java:345)
	at java.net.AbstractPlainSocketImpl.connectToAddress(AbstractPlainSocketImpl.java:206)
	at java.net.AbstractPlainSocketImpl.connect(AbstractPlainSocketImpl.java:188)
	at java.net.PlainSocketImpl.connect(PlainSocketImpl.java:172)
	at java.net.SocksSocketImpl.connect(SocksSocketImpl.java:392)
	at java.net.Socket.connect(Socket.java:589)
	at org.apache.http.conn.socket.PlainConnectionSocketFactory.connectSocket(PlainConnectionSocketFactory.java:74)
	at org.apache.http.impl.conn.DefaultHttpClientConnectionOperator.connect(DefaultHttpClientConnectionOperator.java:141)
	... 45 more
</system-err>
  </testcase>
  <testcase classname="com.course.cases.LoginTest" name="loginTrue" time="2.017">
    <failure type="java.lang.NullPointerException">java.lang.NullPointerException
	at com.course.cases.LoginTest.getResult(LoginTest.java:96)
	at com.course.cases.LoginTest.loginTrue(LoginTest.java:57)
</failure>
    <system-out>12:53:08.667 [main] DEBUG org.apache.ibatis.transaction.jdbc.JdbcTransaction - Opening JDBC Connection
12:53:08.667 [main] DEBUG org.apache.ibatis.datasource.pooled.PooledDataSource - Checked out connection 658909832 from pool.
12:53:08.667 [main] DEBUG org.apache.ibatis.transaction.jdbc.JdbcTransaction - Setting autocommit to false on JDBC Connection [com.mysql.cj.jdbc.ConnectionImpl@27462a88]
12:53:08.671 [main] DEBUG com.course.model.loginCase - ==&gt;  Preparing: select * from login_case where id=? 
12:53:08.671 [main] DEBUG com.course.model.loginCase - ==&gt; Parameters: 1(Integer)
12:53:08.671 [main] DEBUG com.course.model.loginCase - &lt;==      Total: 1
LoginCase(id=1, userName=tt, password=123, expected=true)
http://192.168.159.1:8081/v1/login
12:53:08.671 [main] INFO com.course.cases.LoginTest - ********开始验证loginTrue api*********
12:53:08.675 [main] DEBUG org.apache.http.client.protocol.RequestAddCookies - CookieSpec selected: default
12:53:08.675 [main] DEBUG org.apache.http.client.protocol.RequestAuthCache - Auth cache not set in the context
12:53:08.675 [main] DEBUG org.apache.http.impl.conn.PoolingHttpClientConnectionManager - Connection request: [route: {}-&gt;http://192.168.159.1:8081][total kept alive: 0; route allocated: 0 of 2; total allocated: 0 of 20]
12:53:08.675 [main] DEBUG org.apache.http.impl.conn.PoolingHttpClientConnectionManager - Connection leased: [id: 1][route: {}-&gt;http://192.168.159.1:8081][total kept alive: 0; route allocated: 1 of 2; total allocated: 1 of 20]
12:53:08.675 [main] DEBUG org.apache.http.impl.execchain.MainClientExec - Opening connection {}-&gt;http://192.168.159.1:8081
12:53:08.675 [main] DEBUG org.apache.http.impl.conn.DefaultHttpClientConnectionOperator - Connecting to /192.168.159.1:8081
12:53:10.684 [main] DEBUG org.apache.http.impl.conn.DefaultManagedHttpClientConnection - http-outgoing-1: Shutdown connection
12:53:10.684 [main] DEBUG org.apache.http.impl.execchain.MainClientExec - Connection discarded
12:53:10.684 [main] DEBUG org.apache.http.impl.conn.PoolingHttpClientConnectionManager - Connection released: [id: 1][route: {}-&gt;http://192.168.159.1:8081][total kept alive: 0; route allocated: 0 of 2; total allocated: 0 of 20]
</system-out>
    <system-err>org.apache.http.conn.HttpHostConnectException: Connect to 192.168.159.1:8081 [/192.168.159.1] failed: Connection refused: connect
	at org.apache.http.impl.conn.DefaultHttpClientConnectionOperator.connect(DefaultHttpClientConnectionOperator.java:158)
	at org.apache.http.impl.conn.PoolingHttpClientConnectionManager.connect(PoolingHttpClientConnectionManager.java:353)
	at org.apache.http.impl.execchain.MainClientExec.establishRoute(MainClientExec.java:380)
	at org.apache.http.impl.execchain.MainClientExec.execute(MainClientExec.java:236)
	at org.apache.http.impl.execchain.ProtocolExec.execute(ProtocolExec.java:184)
	at org.apache.http.impl.execchain.RetryExec.execute(RetryExec.java:88)
	at org.apache.http.impl.execchain.RedirectExec.execute(RedirectExec.java:110)
	at org.apache.http.impl.client.InternalHttpClient.doExecute(InternalHttpClient.java:184)
	at org.apache.http.impl.client.CloseableHttpClient.execute(CloseableHttpClient.java:82)
	at org.apache.http.impl.client.CloseableHttpClient.execute(CloseableHttpClient.java:107)
	at com.course.cases.LoginTest.getResult(LoginTest.java:85)
	at com.course.cases.LoginTest.loginTrue(LoginTest.java:57)
	at sun.reflect.NativeMethodAccessorImpl.invoke0(Native Method)
	at sun.reflect.NativeMethodAccessorImpl.invoke(NativeMethodAccessorImpl.java:62)
	at sun.reflect.DelegatingMethodAccessorImpl.invoke(DelegatingMethodAccessorImpl.java:43)
	at java.lang.reflect.Method.invoke(Method.java:497)
	at org.testng.internal.MethodInvocationHelper.invokeMethod(MethodInvocationHelper.java:104)
	at org.testng.internal.Invoker.invokeMethod(Invoker.java:645)
	at org.testng.internal.Invoker.invokeTestMethod(Invoker.java:851)
	at org.testng.internal.Invoker.invokeTestMethods(Invoker.java:1177)
	at org.testng.internal.TestMethodWorker.invokeTestMethods(TestMethodWorker.java:129)
	at org.testng.internal.TestMethodWorker.run(TestMethodWorker.java:112)
	at org.testng.TestRunner.privateRun(TestRunner.java:756)
	at org.testng.TestRunner.run(TestRunner.java:610)
	at org.testng.SuiteRunner.runTest(SuiteRunner.java:387)
	at org.testng.SuiteRunner.runSequentially(SuiteRunner.java:382)
	at org.testng.SuiteRunner.privateRun(SuiteRunner.java:340)
	at org.testng.SuiteRunner.run(SuiteRunner.java:289)
	at org.testng.SuiteRunnerWorker.runSuite(SuiteRunnerWorker.java:52)
	at org.testng.SuiteRunnerWorker.run(SuiteRunnerWorker.java:86)
	at org.testng.TestNG.runSuitesSequentially(TestNG.java:1293)
	at org.testng.TestNG.runSuitesLocally(TestNG.java:1218)
	at org.testng.TestNG.runSuites(TestNG.java:1133)
	at org.testng.TestNG.run(TestNG.java:1104)
	at org.apache.maven.surefire.testng.TestNGExecutor.run(TestNGExecutor.java:74)
	at org.apache.maven.surefire.testng.TestNGXmlTestSuite.execute(TestNGXmlTestSuite.java:93)
	at org.apache.maven.surefire.testng.TestNGProvider.invoke(TestNGProvider.java:101)
	at sun.reflect.NativeMethodAccessorImpl.invoke0(Native Method)
	at sun.reflect.NativeMethodAccessorImpl.invoke(NativeMethodAccessorImpl.java:62)
	at sun.reflect.DelegatingMethodAccessorImpl.invoke(DelegatingMethodAccessorImpl.java:43)
	at java.lang.reflect.Method.invoke(Method.java:497)
	at org.apache.maven.surefire.booter.ProviderFactory$ClassLoaderProxy.invoke(ProviderFactory.java:103)
	at com.sun.proxy.$Proxy0.invoke(Unknown Source)
	at org.apache.maven.surefire.booter.SurefireStarter.invokeProvider(SurefireStarter.java:145)
	at org.apache.maven.surefire.booter.SurefireStarter.runSuitesInProcess(SurefireStarter.java:87)
	at org.apache.maven.surefire.booter.ForkedBooter.main(ForkedBooter.java:69)
Caused by: java.net.ConnectException: Connection refused: connect
	at java.net.DualStackPlainSocketImpl.connect0(Native Method)
	at java.net.DualStackPlainSocketImpl.socketConnect(DualStackPlainSocketImpl.java:79)
	at java.net.AbstractPlainSocketImpl.doConnect(AbstractPlainSocketImpl.java:345)
	at java.net.AbstractPlainSocketImpl.connectToAddress(AbstractPlainSocketImpl.java:206)
	at java.net.AbstractPlainSocketImpl.connect(AbstractPlainSocketImpl.java:188)
	at java.net.PlainSocketImpl.connect(PlainSocketImpl.java:172)
	at java.net.SocksSocketImpl.connect(SocksSocketImpl.java:392)
	at java.net.Socket.connect(Socket.java:589)
	at org.apache.http.conn.socket.PlainConnectionSocketFactory.connectSocket(PlainConnectionSocketFactory.java:74)
	at org.apache.http.impl.conn.DefaultHttpClientConnectionOperator.connect(DefaultHttpClientConnectionOperator.java:141)
	... 45 more
</system-err>
  </testcase>
  <testcase classname="com.course.cases.AddUserTest" name="addUser" time="2.017">
    <skipped/>
  </testcase>
  <testcase classname="com.course.cases.GetUserInfoTest" name="getUserInfo" time="2.017">
    <skipped/>
  </testcase>
  <testcase classname="com.course.cases.GetUserListTest" name="getUserList" time="2.017">
    <skipped/>
  </testcase>
  <testcase classname="com.course.cases.UpdateUserInfoTest" name="updateUserInfo" time="2.017">
    <skipped/>
  </testcase>
  <testcase classname="com.course.cases.UpdateUserInfoTest" name="deleteUserInfo" time="2.017">
    <skipped/>
  </testcase>
</testsuite>