<?xml version="1.0" encoding="UTF-8" ?>
<testsuite tests="7" failures="1" name="TestSuite" time="2.428" errors="0" skipped="0">
  <properties>
[...]
</properties>
  <testcase classname="com.course.cases.LoginTest" name="loginFalse" time="0.534"/>
  <testcase classname="com.course.cases.LoginTest" name="loginTrue" time="0.017"/>
  <testcase classname="com.course.cases.AddUserTest" name="addUser" time="0.094">
    <failure message="Expected one result (or null) to be returned by selectOne(), but found: 2" type="org.apache.ibatis.exceptions.TooManyResultsException">org.apache.ibatis.exceptions.TooManyResultsException: Expected one result (or null) to be returned by selectOne(), but found: 2
	at org.apache.ibatis.session.defaults.DefaultSqlSession.selectOne(DefaultSqlSession.java:81)
	at com.course.cases.AddUserTest.addUser(AddUserTest.java:55)
</failure>
    <system-out>10:40:21.659 [main] DEBUG org.apache.ibatis.transaction.jdbc.JdbcTransaction - Opening JDBC Connection
10:40:21.663 [main] DEBUG org.apache.ibatis.datasource.pooled.PooledDataSource - Created connection 454884231.
10:40:21.663 [main] DEBUG org.apache.ibatis.transaction.jdbc.JdbcTransaction - Setting autocommit to false on JDBC Connection [com.mysql.cj.jdbc.ConnectionImpl@1b1cfb87]
10:40:21.663 [main] DEBUG com.course.model.addUserCase - ==&gt;  Preparing: select * from add_user_case where id=? 
10:40:21.663 [main] DEBUG com.course.model.addUserCase - ==&gt; Parameters: 2(Integer)
10:40:21.665 [main] DEBUG com.course.model.addUserCase - &lt;==      Total: 1
10:40:21.665 [main] DEBUG org.apache.ibatis.transaction.jdbc.JdbcTransaction - Resetting autocommit to true on JDBC Connection [com.mysql.cj.jdbc.ConnectionImpl@1b1cfb87]
10:40:21.665 [main] DEBUG org.apache.ibatis.transaction.jdbc.JdbcTransaction - Closing JDBC Connection [com.mysql.cj.jdbc.ConnectionImpl@1b1cfb87]
10:40:21.666 [main] DEBUG org.apache.ibatis.datasource.pooled.PooledDataSource - Returned connection 454884231 to pool.
AddUserCase(id=2, userName=test4, password=444, age=4, sex=0, permission=0, isDelete=0, expected=true)
http://192.168.159.1:8080/v1/addUser
10:40:21.666 [main] INFO com.course.cases.AddUserTest - ********开始验证addUser api*********
10:40:21.717 [main] DEBUG org.apache.http.client.protocol.RequestAddCookies - CookieSpec selected: default
10:40:21.734 [main] DEBUG org.apache.http.client.protocol.RequestAddCookies - Cookie [version: 0][name: JSESSIONID][value: 77134C54C306CFFA1A0C64AEA1B53305][domain: 192.168.159.1][path: /][expiry: null] match [192.168.159.1:8080/v1/addUser]
10:40:21.734 [main] DEBUG org.apache.http.client.protocol.RequestAddCookies - Cookie [version: 0][name: login][value: true][domain: 192.168.159.1][path: /v1][expiry: null] match [192.168.159.1:8080/v1/addUser]
10:40:21.735 [main] DEBUG org.apache.http.client.protocol.RequestAuthCache - Auth cache not set in the context
10:40:21.735 [main] DEBUG org.apache.http.impl.conn.PoolingHttpClientConnectionManager - Connection request: [route: {}-&gt;http://192.168.159.1:8080][total kept alive: 0; route allocated: 0 of 2; total allocated: 0 of 20]
10:40:21.735 [main] DEBUG org.apache.http.impl.conn.PoolingHttpClientConnectionManager - Connection leased: [id: 2][route: {}-&gt;http://192.168.159.1:8080][total kept alive: 0; route allocated: 1 of 2; total allocated: 1 of 20]
10:40:21.735 [main] DEBUG org.apache.http.impl.execchain.MainClientExec - Opening connection {}-&gt;http://192.168.159.1:8080
10:40:21.735 [main] DEBUG org.apache.http.impl.conn.DefaultHttpClientConnectionOperator - Connecting to /192.168.159.1:8080
10:40:21.735 [main] DEBUG org.apache.http.impl.conn.DefaultHttpClientConnectionOperator - Connection established 192.168.159.1:49675&lt;-&gt;192.168.159.1:8080
10:40:21.735 [main] DEBUG org.apache.http.impl.execchain.MainClientExec - Executing request POST /v1/addUser HTTP/1.1
10:40:21.735 [main] DEBUG org.apache.http.impl.execchain.MainClientExec - Target auth state: UNCHALLENGED
10:40:21.735 [main] DEBUG org.apache.http.impl.execchain.MainClientExec - Proxy auth state: UNCHALLENGED
10:40:21.736 [main] DEBUG org.apache.http.headers - http-outgoing-2 &gt;&gt; POST /v1/addUser HTTP/1.1
10:40:21.736 [main] DEBUG org.apache.http.headers - http-outgoing-2 &gt;&gt; content-type: application/json
10:40:21.736 [main] DEBUG org.apache.http.headers - http-outgoing-2 &gt;&gt; Content-Length: 89
10:40:21.736 [main] DEBUG org.apache.http.headers - http-outgoing-2 &gt;&gt; Host: 192.168.159.1:8080
10:40:21.736 [main] DEBUG org.apache.http.headers - http-outgoing-2 &gt;&gt; Connection: Keep-Alive
10:40:21.736 [main] DEBUG org.apache.http.headers - http-outgoing-2 &gt;&gt; User-Agent: Apache-HttpClient/4.5.2 (Java/1.8.0_45)
10:40:21.736 [main] DEBUG org.apache.http.headers - http-outgoing-2 &gt;&gt; Cookie: JSESSIONID=77134C54C306CFFA1A0C64AEA1B53305; login=true
10:40:21.736 [main] DEBUG org.apache.http.headers - http-outgoing-2 &gt;&gt; Accept-Encoding: gzip,deflate
10:40:21.736 [main] DEBUG org.apache.http.wire - http-outgoing-2 &gt;&gt; &quot;POST /v1/addUser HTTP/1.1[\r][\n]&quot;
10:40:21.736 [main] DEBUG org.apache.http.wire - http-outgoing-2 &gt;&gt; &quot;content-type: application/json[\r][\n]&quot;
10:40:21.736 [main] DEBUG org.apache.http.wire - http-outgoing-2 &gt;&gt; &quot;Content-Length: 89[\r][\n]&quot;
10:40:21.736 [main] DEBUG org.apache.http.wire - http-outgoing-2 &gt;&gt; &quot;Host: 192.168.159.1:8080[\r][\n]&quot;
10:40:21.736 [main] DEBUG org.apache.http.wire - http-outgoing-2 &gt;&gt; &quot;Connection: Keep-Alive[\r][\n]&quot;
10:40:21.736 [main] DEBUG org.apache.http.wire - http-outgoing-2 &gt;&gt; &quot;User-Agent: Apache-HttpClient/4.5.2 (Java/1.8.0_45)[\r][\n]&quot;
10:40:21.736 [main] DEBUG org.apache.http.wire - http-outgoing-2 &gt;&gt; &quot;Cookie: JSESSIONID=77134C54C306CFFA1A0C64AEA1B53305; login=true[\r][\n]&quot;
10:40:21.736 [main] DEBUG org.apache.http.wire - http-outgoing-2 &gt;&gt; &quot;Accept-Encoding: gzip,deflate[\r][\n]&quot;
10:40:21.736 [main] DEBUG org.apache.http.wire - http-outgoing-2 &gt;&gt; &quot;[\r][\n]&quot;
10:40:21.736 [main] DEBUG org.apache.http.wire - http-outgoing-2 &gt;&gt; &quot;{&quot;password&quot;:&quot;444&quot;,&quot;isDelete&quot;:&quot;0&quot;,&quot;sex&quot;:&quot;0&quot;,&quot;permission&quot;:&quot;0&quot;,&quot;userName&quot;:&quot;test4&quot;,&quot;age&quot;:&quot;4&quot;}&quot;
10:40:21.745 [main] DEBUG org.apache.http.wire - http-outgoing-2 &lt;&lt; &quot;HTTP/1.1 200 [\r][\n]&quot;
10:40:21.745 [main] DEBUG org.apache.http.wire - http-outgoing-2 &lt;&lt; &quot;Content-Type: application/json;charset=UTF-8[\r][\n]&quot;
10:40:21.745 [main] DEBUG org.apache.http.wire - http-outgoing-2 &lt;&lt; &quot;Transfer-Encoding: chunked[\r][\n]&quot;
10:40:21.745 [main] DEBUG org.apache.http.wire - http-outgoing-2 &lt;&lt; &quot;Date: Sun, 13 Jun 2021 02:40:21 GMT[\r][\n]&quot;
10:40:21.745 [main] DEBUG org.apache.http.wire - http-outgoing-2 &lt;&lt; &quot;[\r][\n]&quot;
10:40:21.745 [main] DEBUG org.apache.http.wire - http-outgoing-2 &lt;&lt; &quot;4[\r][\n]&quot;
10:40:21.745 [main] DEBUG org.apache.http.wire - http-outgoing-2 &lt;&lt; &quot;true[\r][\n]&quot;
10:40:21.746 [main] DEBUG org.apache.http.headers - http-outgoing-2 &lt;&lt; HTTP/1.1 200 
10:40:21.746 [main] DEBUG org.apache.http.headers - http-outgoing-2 &lt;&lt; Content-Type: application/json;charset=UTF-8
10:40:21.746 [main] DEBUG org.apache.http.headers - http-outgoing-2 &lt;&lt; Transfer-Encoding: chunked
10:40:21.746 [main] DEBUG org.apache.http.headers - http-outgoing-2 &lt;&lt; Date: Sun, 13 Jun 2021 02:40:21 GMT
10:40:21.746 [main] DEBUG org.apache.http.impl.execchain.MainClientExec - Connection can be kept alive indefinitely
10:40:21.746 [main] DEBUG org.apache.http.wire - http-outgoing-2 &lt;&lt; &quot;0[\r][\n]&quot;
10:40:21.746 [main] DEBUG org.apache.http.wire - http-outgoing-2 &lt;&lt; &quot;[\r][\n]&quot;
10:40:21.746 [main] DEBUG org.apache.http.impl.conn.PoolingHttpClientConnectionManager - Connection [id: 2][route: {}-&gt;http://192.168.159.1:8080] can be kept alive indefinitely
10:40:21.746 [main] DEBUG org.apache.http.impl.conn.PoolingHttpClientConnectionManager - Connection released: [id: 2][route: {}-&gt;http://192.168.159.1:8080][total kept alive: 1; route allocated: 1 of 2; total allocated: 1 of 20]
10:40:21.746 [main] DEBUG org.apache.http.impl.conn.PoolingHttpClientConnectionManager - Connection manager is shutting down
10:40:21.746 [main] DEBUG org.apache.http.impl.conn.DefaultManagedHttpClientConnection - http-outgoing-2: Close connection
10:40:21.746 [main] DEBUG org.apache.http.impl.conn.PoolingHttpClientConnectionManager - Connection manager shut down
10:40:21.746 [main] INFO com.course.cases.AddUserTest - 请求http:localhost/v1/addUser的结果是------&gt;true
10:40:21.746 [main] DEBUG org.apache.ibatis.transaction.jdbc.JdbcTransaction - Opening JDBC Connection
10:40:21.747 [main] DEBUG org.apache.ibatis.datasource.pooled.PooledDataSource - Checked out connection 454884231 from pool.
10:40:21.747 [main] DEBUG org.apache.ibatis.transaction.jdbc.JdbcTransaction - Setting autocommit to false on JDBC Connection [com.mysql.cj.jdbc.ConnectionImpl@1b1cfb87]
10:40:21.747 [main] DEBUG com.course.model.getAddedUser - ==&gt;  Preparing: select * from user where username=? and password=? and age=? and sex=? and permission=? and is_delete=? 
10:40:21.747 [main] DEBUG com.course.model.getAddedUser - ==&gt; Parameters: test4(String), 444(String), 4(String), 0(String), 0(String), 0(String)
10:40:21.749 [main] DEBUG com.course.model.getAddedUser - &lt;==      Total: 2
10:40:21.749 [main] DEBUG org.apache.ibatis.transaction.jdbc.JdbcTransaction - Resetting autocommit to true on JDBC Connection [com.mysql.cj.jdbc.ConnectionImpl@1b1cfb87]
10:40:21.750 [main] DEBUG org.apache.ibatis.transaction.jdbc.JdbcTransaction - Closing JDBC Connection [com.mysql.cj.jdbc.ConnectionImpl@1b1cfb87]
10:40:21.750 [main] DEBUG org.apache.ibatis.datasource.pooled.PooledDataSource - Returned connection 454884231 to pool.
</system-out>
  </testcase>
  <testcase classname="com.course.cases.GetUserInfoTest" name="getUserInfo" time="0.052"/>
  <testcase classname="com.course.cases.GetUserListTest" name="getUserList" time="0.089"/>
  <testcase classname="com.course.cases.UpdateUserInfoTest" name="updateUserInfo" time="0.029"/>
  <testcase classname="com.course.cases.UpdateUserInfoTest" name="deleteUserInfo" time="0.021"/>
</testsuite>