<?xml version="1.0" encoding="UTF-8"?>
<testng-results skipped="0" failed="1" ignored="0" total="7" passed="6">
  <reporter-output>
  </reporter-output>
  <suite name="用户管理系统测试套件" duration-ms="1136" started-at="2021-06-13T01:43:59Z" finished-at="2021-06-13T01:44:01Z">
    <groups>
      <group name="loginTrue">
        <method signature="LoginTest.loginTrue()[pri:0, instance:com.course.cases.LoginTest@10bbd20a]" name="loginTrue" class="com.course.cases.LoginTest"/>
      </group> <!-- loginTrue -->
      <group name="loginFalse">
        <method signature="LoginTest.loginFalse()[pri:0, instance:com.course.cases.LoginTest@10bbd20a]" name="loginFalse" class="com.course.cases.LoginTest"/>
      </group> <!-- loginFalse -->
    </groups>
    <test name="用户管理系统测试" duration-ms="1136" started-at="2021-06-13T01:43:59Z" finished-at="2021-06-13T01:44:01Z">
      <class name="com.course.cases.UpdateUserInfoTest">
        <test-method status="PASS" signature="updateUserInfo()[pri:0, instance:com.course.cases.UpdateUserInfoTest@1f7030a6]" name="updateUserInfo" duration-ms="31" depends-on-groups="loginTrue" started-at="2021-06-13T09:44:00Z" description="更新用户信息接口" finished-at="2021-06-13T09:44:01Z">
          <reporter-output>
          </reporter-output>
        </test-method> <!-- updateUserInfo -->
        <test-method status="PASS" signature="deleteUserInfo()[pri:0, instance:com.course.cases.UpdateUserInfoTest@1f7030a6]" name="deleteUserInfo" duration-ms="32" depends-on-groups="loginTrue" started-at="2021-06-13T09:44:01Z" description="删除用户信息接口" finished-at="2021-06-13T09:44:01Z">
          <reporter-output>
          </reporter-output>
        </test-method> <!-- deleteUserInfo -->
      </class> <!-- com.course.cases.UpdateUserInfoTest -->
      <class name="com.course.cases.LoginTest">
        <test-method status="PASS" signature="beforeTest()[pri:0, instance:com.course.cases.LoginTest@10bbd20a]" name="beforeTest" is-config="true" duration-ms="172" started-at="2021-06-13T09:43:59Z" description="测试准备工作" finished-at="2021-06-13T09:44:00Z">
          <reporter-output>
          </reporter-output>
        </test-method> <!-- beforeTest -->
        <test-method status="PASS" signature="loginFalse()[pri:0, instance:com.course.cases.LoginTest@10bbd20a]" name="loginFalse" duration-ms="614" started-at="2021-06-13T09:44:00Z" description="用户登录失败接口测试" finished-at="2021-06-13T09:44:00Z">
          <reporter-output>
          </reporter-output>
        </test-method> <!-- loginFalse -->
        <test-method status="PASS" signature="loginTrue()[pri:0, instance:com.course.cases.LoginTest@10bbd20a]" name="loginTrue" duration-ms="20" started-at="2021-06-13T09:44:00Z" description="用户登录成功接口测试" finished-at="2021-06-13T09:44:00Z">
          <reporter-output>
          </reporter-output>
        </test-method> <!-- loginTrue -->
      </class> <!-- com.course.cases.LoginTest -->
      <class name="com.course.cases.GetUserInfoTest">
        <test-method status="PASS" signature="getUserInfo()[pri:0, instance:com.course.cases.GetUserInfoTest@184f6be2]" name="getUserInfo" duration-ms="65" depends-on-groups="loginTrue" started-at="2021-06-13T09:44:00Z" description="获取用户信息接口" finished-at="2021-06-13T09:44:00Z">
          <reporter-output>
          </reporter-output>
        </test-method> <!-- getUserInfo -->
      </class> <!-- com.course.cases.GetUserInfoTest -->
      <class name="com.course.cases.AddUserTest">
        <test-method status="FAIL" signature="addUser()[pri:0, instance:com.course.cases.AddUserTest@48503868]" name="addUser" duration-ms="90" depends-on-groups="loginTrue" started-at="2021-06-13T09:44:00Z" description="添加用户接口" finished-at="2021-06-13T09:44:00Z">
          <exception class="org.apache.ibatis.exceptions.TooManyResultsException">
            <message>
              <![CDATA[Expected one result (or null) to be returned by selectOne(), but found: 3]]>
            </message>
            <full-stacktrace>
              <![CDATA[org.apache.ibatis.exceptions.TooManyResultsException: Expected one result (or null) to be returned by selectOne(), but found: 3
	at org.apache.ibatis.session.defaults.DefaultSqlSession.selectOne(DefaultSqlSession.java:81)
	at com.course.cases.AddUserTest.addUser(AddUserTest.java:55)
	at sun.reflect.NativeMethodAccessorImpl.invoke0(Native Method)
	at sun.reflect.NativeMethodAccessorImpl.invoke(NativeMethodAccessorImpl.java:62)
	at sun.reflect.DelegatingMethodAccessorImpl.invoke(DelegatingMethodAccessorImpl.java:43)
	at java.lang.reflect.Method.invoke(Method.java:497)
	at org.testng.internal.MethodInvocationHelper.invokeMethod(MethodInvocationHelper.java:104)
	at org.testng.internal.Invoker.invokeMethod(Invoker.java:645)
	at org.testng.internal.Invoker.invokeTestMethod(Invoker.java:851)
	at org.testng.internal.Invoker.invokeTestMethods(Invoker.java:1177)
	at org.testng.internal.TestMethodWorker.invokeTestMethods(TestMethodWorker.java:129)
	at org.testng.internal.TestMethodWorker.run(TestMethodWorker.java:112)
	at org.testng.TestRunner.privateRun(TestRunner.java:756)
	at org.testng.TestRunner.run(TestRunner.java:610)
	at org.testng.SuiteRunner.runTest(SuiteRunner.java:387)
	at org.testng.SuiteRunner.runSequentially(SuiteRunner.java:382)
	at org.testng.SuiteRunner.privateRun(SuiteRunner.java:340)
	at org.testng.SuiteRunner.run(SuiteRunner.java:289)
	at org.testng.SuiteRunnerWorker.runSuite(SuiteRunnerWorker.java:52)
	at org.testng.SuiteRunnerWorker.run(SuiteRunnerWorker.java:86)
	at org.testng.TestNG.runSuitesSequentially(TestNG.java:1293)
	at org.testng.TestNG.runSuitesLocally(TestNG.java:1218)
	at org.testng.TestNG.runSuites(TestNG.java:1133)
	at org.testng.TestNG.run(TestNG.java:1104)
	at org.apache.maven.surefire.testng.TestNGExecutor.run(TestNGExecutor.java:74)
	at org.apache.maven.surefire.testng.TestNGXmlTestSuite.execute(TestNGXmlTestSuite.java:93)
	at org.apache.maven.surefire.testng.TestNGProvider.invoke(TestNGProvider.java:101)
	at sun.reflect.NativeMethodAccessorImpl.invoke0(Native Method)
	at sun.reflect.NativeMethodAccessorImpl.invoke(NativeMethodAccessorImpl.java:62)
	at sun.reflect.DelegatingMethodAccessorImpl.invoke(DelegatingMethodAccessorImpl.java:43)
	at java.lang.reflect.Method.invoke(Method.java:497)
	at org.apache.maven.surefire.booter.ProviderFactory$ClassLoaderProxy.invoke(ProviderFactory.java:103)
	at com.sun.proxy.$Proxy0.invoke(Unknown Source)
	at org.apache.maven.surefire.booter.SurefireStarter.invokeProvider(SurefireStarter.java:145)
	at org.apache.maven.surefire.booter.SurefireStarter.runSuitesInProcess(SurefireStarter.java:87)
	at org.apache.maven.surefire.booter.ForkedBooter.main(ForkedBooter.java:69)
]]>
            </full-stacktrace>
          </exception> <!-- org.apache.ibatis.exceptions.TooManyResultsException -->
          <reporter-output>
          </reporter-output>
        </test-method> <!-- addUser -->
      </class> <!-- com.course.cases.AddUserTest -->
      <class name="com.course.cases.GetUserListTest">
        <test-method status="PASS" signature="getUserList()[pri:0, instance:com.course.cases.GetUserListTest@56aac163]" name="getUserList" duration-ms="94" depends-on-groups="loginTrue" started-at="2021-06-13T09:44:00Z" description="获取用户列表接口" finished-at="2021-06-13T09:44:00Z">
          <reporter-output>
          </reporter-output>
        </test-method> <!-- getUserList -->
      </class> <!-- com.course.cases.GetUserListTest -->
    </test> <!-- 用户管理系统测试 -->
  </suite> <!-- 用户管理系统测试套件 -->
</testng-results>
