<?xml version="1.0" encoding="UTF-8"?>
<!-- Generated by org.testng.reporters.JUnitXMLReporter -->
<testsuite hostname="LAPTOP-LMMPH4VI" ignored="0" name="用户管理系统测试" tests="7" failures="1" timestamp="11 六月 2021 12:56:55 GMT" time="1.26" errors="0">
  <testcase name="loginTrue" time="0.842" classname="com.course.cases.LoginTest"/>
  <testcase name="loginFalse" time="0.017" classname="com.course.cases.LoginTest"/>
  <testcase name="addUser" time="0.087" classname="com.course.cases.AddUserTest">
    <failure type="org.apache.ibatis.exceptions.TooManyResultsException" message="Expected one result (or null) to be returned by selectOne(), but found: 2">
      <![CDATA[org.apache.ibatis.exceptions.TooManyResultsException: Expected one result (or null) to be returned by selectOne(), but found: 2
	at org.apache.ibatis.session.defaults.DefaultSqlSession.selectOne(DefaultSqlSession.java:81)
	at com.course.cases.AddUserTest.addUser(AddUserTest.java:55)
	at com.course.Main.main(Main.java:36)
... Removed 22 stack frames]]>
    </failure>
  </testcase> <!-- addUser -->
  <testcase name="getUserInfo" time="0.065" classname="com.course.cases.GetUserInfoTest"/>
  <testcase name="getUserList" time="0.038" classname="com.course.cases.GetUserListTest"/>
  <testcase name="deleteUserInfo" time="0.024" classname="com.course.cases.UpdateUserInfoTest"/>
  <testcase name="updateUserInfo" time="0.025" classname="com.course.cases.UpdateUserInfoTest"/>
</testsuite> <!-- 用户管理系统测试 -->
