<?xml version="1.0" encoding="UTF-8"?>
<testng-results skipped="0" failed="0" ignored="0" total="7" passed="7">
  <reporter-output>
  </reporter-output>
  <suite name="用户管理系统测试套件" duration-ms="773" started-at="2021-06-11T14:04:44Z" finished-at="2021-06-11T14:04:45Z">
    <groups>
      <group name="loginTrue">
        <method signature="LoginTest.loginTrue()[pri:0, instance:com.course.cases.LoginTest@1376c05c]" name="loginTrue" class="com.course.cases.LoginTest"/>
      </group> <!-- loginTrue -->
      <group name="loginFalse">
        <method signature="LoginTest.loginFalse()[pri:0, instance:com.course.cases.LoginTest@1376c05c]" name="loginFalse" class="com.course.cases.LoginTest"/>
      </group> <!-- loginFalse -->
    </groups>
    <test name="用户管理系统测试" duration-ms="773" started-at="2021-06-11T14:04:44Z" finished-at="2021-06-11T14:04:45Z">
      <class name="com.course.cases.UpdateUserInfoTest">
        <test-method status="PASS" signature="deleteUserInfo()[pri:0, instance:com.course.cases.UpdateUserInfoTest@694f9431]" name="deleteUserInfo" duration-ms="25" depends-on-groups="loginTrue" started-at="2021-06-11T22:04:45Z" description="删除用户信息接口" finished-at="2021-06-11T22:04:45Z">
          <reporter-output>
          </reporter-output>
        </test-method> <!-- deleteUserInfo -->
        <test-method status="PASS" signature="updateUserInfo()[pri:0, instance:com.course.cases.UpdateUserInfoTest@694f9431]" name="updateUserInfo" duration-ms="27" depends-on-groups="loginTrue" started-at="2021-06-11T22:04:45Z" description="更新用户信息接口" finished-at="2021-06-11T22:04:45Z">
          <reporter-output>
          </reporter-output>
        </test-method> <!-- updateUserInfo -->
      </class> <!-- com.course.cases.UpdateUserInfoTest -->
      <class name="com.course.cases.GetUserInfoTest">
        <test-method status="PASS" signature="getUserInfo()[pri:0, instance:com.course.cases.GetUserInfoTest@deb6432]" name="getUserInfo" duration-ms="45" depends-on-groups="loginTrue" started-at="2021-06-11T22:04:45Z" description="获取用户信息接口" finished-at="2021-06-11T22:04:45Z">
          <reporter-output>
          </reporter-output>
        </test-method> <!-- getUserInfo -->
      </class> <!-- com.course.cases.GetUserInfoTest -->
      <class name="com.course.cases.LoginTest">
        <test-method status="PASS" signature="beforeTest()[pri:0, instance:com.course.cases.LoginTest@1376c05c]" name="beforeTest" is-config="true" duration-ms="123" started-at="2021-06-11T22:04:44Z" description="测试准备工作" finished-at="2021-06-11T22:04:44Z">
          <reporter-output>
          </reporter-output>
        </test-method> <!-- beforeTest -->
        <test-method status="PASS" signature="loginTrue()[pri:0, instance:com.course.cases.LoginTest@1376c05c]" name="loginTrue" duration-ms="378" started-at="2021-06-11T22:04:44Z" description="用户登录成功接口测试" finished-at="2021-06-11T22:04:45Z">
          <reporter-output>
          </reporter-output>
        </test-method> <!-- loginTrue -->
        <test-method status="PASS" signature="loginFalse()[pri:0, instance:com.course.cases.LoginTest@1376c05c]" name="loginFalse" duration-ms="25" started-at="2021-06-11T22:04:45Z" description="用户登录失败接口测试" finished-at="2021-06-11T22:04:45Z">
          <reporter-output>
          </reporter-output>
        </test-method> <!-- loginFalse -->
      </class> <!-- com.course.cases.LoginTest -->
      <class name="com.course.cases.AddUserTest">
        <test-method status="PASS" signature="addUser()[pri:0, instance:com.course.cases.AddUserTest@51521cc1]" name="addUser" duration-ms="65" depends-on-groups="loginTrue" started-at="2021-06-11T22:04:45Z" description="添加用户接口" finished-at="2021-06-11T22:04:45Z">
          <reporter-output>
          </reporter-output>
        </test-method> <!-- addUser -->
      </class> <!-- com.course.cases.AddUserTest -->
      <class name="com.course.cases.GetUserListTest">
        <test-method status="PASS" signature="getUserList()[pri:0, instance:com.course.cases.GetUserListTest@28ba21f3]" name="getUserList" duration-ms="76" depends-on-groups="loginTrue" started-at="2021-06-11T22:04:45Z" description="获取用户列表接口" finished-at="2021-06-11T22:04:45Z">
          <reporter-output>
          </reporter-output>
        </test-method> <!-- getUserList -->
      </class> <!-- com.course.cases.GetUserListTest -->
    </test> <!-- 用户管理系统测试 -->
  </suite> <!-- 用户管理系统测试套件 -->
</testng-results>
