<?xml version="1.0" encoding="UTF-8"?>
<!-- Generated by org.testng.reporters.JUnitXMLReporter -->
<testsuite hostname="LAPTOP-LMMPH4VI" ignored="0" name="用户管理系统测试" tests="7" failures="0" timestamp="11 六月 2021 14:04:45 GMT" time="0.773" errors="0">
  <testcase name="loginTrue" time="0.378" classname="com.course.cases.LoginTest"/>
  <testcase name="loginFalse" time="0.025" classname="com.course.cases.LoginTest"/>
  <testcase name="addUser" time="0.065" classname="com.course.cases.AddUserTest"/>
  <testcase name="getUserInfo" time="0.045" classname="com.course.cases.GetUserInfoTest"/>
  <testcase name="getUserList" time="0.076" classname="com.course.cases.GetUserListTest"/>
  <testcase name="deleteUserInfo" time="0.025" classname="com.course.cases.UpdateUserInfoTest"/>
  <testcase name="updateUserInfo" time="0.027" classname="com.course.cases.UpdateUserInfoTest"/>
</testsuite> <!-- 用户管理系统测试 -->
